# JRE version: OpenJDK Runtime Environment (8.0_312-b07) (build 1.8.0_312-b07)
# Java VM: OpenJDK 64-Bit Server VM (25.312-b07 mixed mode windows-amd64 compressed oops)
Heap:
 PSYoungGen      total 238080K, used 3909K [0x000000076b900000, 0x000000077b280000, 0x00000007c0000000)
  eden space 224768K, 1% used [0x000000076b900000,0x000000076bcd17b0,0x0000000779480000)
  from space 13312K, 0% used [0x000000077a100000,0x000000077a100000,0x000000077ae00000)
  to   space 12800K, 0% used [0x0000000779480000,0x0000000779480000,0x000000077a100000)
 ParOldGen       total 77824K, used 12697K [0x00000006c2a00000, 0x00000006c7600000, 0x000000076b900000)
  object space 77824K, 16% used [0x00000006c2a00000,0x00000006c3666630,0x00000006c7600000)
 Metaspace       used 32873K, capacity 35450K, committed 35584K, reserved 1079296K
  class space    used 4352K, capacity 4808K, committed 4864K, reserved 1048576K
GC Heap History (10 events):
Event: 2.618 GC heap before
{Heap before GC invocations=4 (full 1):
 PSYoungGen      total 75776K, used 5316K [0x000000076b900000, 0x0000000774d00000, 0x00000007c0000000)
  eden space 65024K, 0% used [0x000000076b900000,0x000000076b900000,0x000000076f880000)
  from space 10752K, 49% used [0x000000076f880000,0x000000076fdb1108,0x0000000770300000)
  to   space 10752K, 0% used [0x0000000774280000,0x0000000774280000,0x0000000774d00000)
 ParOldGen       total 173568K, used 59K [0x00000006c2a00000, 0x00000006cd380000, 0x000000076b900000)
  object space 173568K, 0% used [0x00000006c2a00000,0x00000006c2a0ec30,0x00000006cd380000)
 Metaspace       used 19574K, capacity 21138K, committed 21296K, reserved 1067008K
  class space    used 2541K, capacity 2845K, committed 2944K, reserved 1048576K
Event: 2.665 GC heap after
Heap after GC invocations=4 (full 1):
 PSYoungGen      total 75776K, used 0K [0x000000076b900000, 0x0000000774d00000, 0x00000007c0000000)
  eden space 65024K, 0% used [0x000000076b900000,0x000000076b900000,0x000000076f880000)
  from space 10752K, 0% used [0x000000076f880000,0x000000076f880000,0x0000000770300000)
  to   space 10752K, 0% used [0x0000000774280000,0x0000000774280000,0x0000000774d00000)
 ParOldGen       total 77824K, used 5211K [0x00000006c2a00000, 0x00000006c7600000, 0x000000076b900000)
  object space 77824K, 6% used [0x00000006c2a00000,0x00000006c2f16c28,0x00000006c7600000)
 Metaspace       used 19574K, capacity 21138K, committed 21296K, reserved 1067008K
  class space    used 2541K, capacity 2845K, committed 2944K, reserved 1048576K
}
Event: 3.359 GC heap before
{Heap before GC invocations=5 (full 1):
 PSYoungGen      total 75776K, used 65024K [0x000000076b900000, 0x0000000774d00000, 0x00000007c0000000)
  eden space 65024K, 100% used [0x000000076b900000,0x000000076f880000,0x000000076f880000)
  from space 10752K, 0% used [0x000000076f880000,0x000000076f880000,0x0000000770300000)
  to   space 10752K, 0% used [0x0000000774280000,0x0000000774280000,0x0000000774d00000)
 ParOldGen       total 77824K, used 5211K [0x00000006c2a00000, 0x00000006c7600000, 0x000000076b900000)
  object space 77824K, 6% used [0x00000006c2a00000,0x00000006c2f16c28,0x00000006c7600000)
 Metaspace       used 24334K, capacity 26124K, committed 26368K, reserved 1073152K
  class space    used 3193K, capacity 3544K, committed 3584K, reserved 1048576K
Event: 3.372 GC heap after
Heap after GC invocations=5 (full 1):
 PSYoungGen      total 129536K, used 7601K [0x000000076b900000, 0x0000000774a00000, 0x00000007c0000000)
  eden space 121856K, 0% used [0x000000076b900000,0x000000076b900000,0x0000000773000000)
  from space 7680K, 98% used [0x0000000774280000,0x00000007749ec540,0x0000000774a00000)
  to   space 10752K, 0% used [0x0000000773500000,0x0000000773500000,0x0000000773f80000)
 ParOldGen       total 77824K, used 5219K [0x00000006c2a00000, 0x00000006c7600000, 0x000000076b900000)
  object space 77824K, 6% used [0x00000006c2a00000,0x00000006c2f18c28,0x00000006c7600000)
 Metaspace       used 24334K, capacity 26124K, committed 26368K, reserved 1073152K
  class space    used 3193K, capacity 3544K, committed 3584K, reserved 1048576K
}
Event: 5.057 GC heap before
{Heap before GC invocations=6 (full 1):
 PSYoungGen      total 129536K, used 129457K [0x000000076b900000, 0x0000000774a00000, 0x00000007c0000000)
  eden space 121856K, 100% used [0x000000076b900000,0x0000000773000000,0x0000000773000000)
  from space 7680K, 98% used [0x0000000774280000,0x00000007749ec540,0x0000000774a00000)
  to   space 10752K, 0% used [0x0000000773500000,0x0000000773500000,0x0000000773f80000)
 ParOldGen       total 77824K, used 5219K [0x00000006c2a00000, 0x00000006c7600000, 0x000000076b900000)
  object space 77824K, 6% used [0x00000006c2a00000,0x00000006c2f18c28,0x00000006c7600000)
 Metaspace       used 30626K, capacity 32932K, committed 33152K, reserved 1077248K
  class space    used 4024K, capacity 4434K, committed 4480K, reserved 1048576K
Event: 5.072 GC heap after
Heap after GC invocations=6 (full 1):
 PSYoungGen      total 137728K, used 10741K [0x000000076b900000, 0x000000077ae00000, 0x00000007c0000000)
  eden space 126976K, 0% used [0x000000076b900000,0x000000076b900000,0x0000000773500000)
  from space 10752K, 99% used [0x0000000773500000,0x0000000773f7d450,0x0000000773f80000)
  to   space 13312K, 0% used [0x000000077a100000,0x000000077a100000,0x000000077ae00000)
 ParOldGen       total 77824K, used 6678K [0x00000006c2a00000, 0x00000006c7600000, 0x000000076b900000)
  object space 77824K, 8% used [0x00000006c2a00000,0x00000006c3085ad8,0x00000006c7600000)
 Metaspace       used 30626K, capacity 32932K, committed 33152K, reserved 1077248K
  class space    used 4024K, capacity 4434K, committed 4480K, reserved 1048576K
}
Event: 5.654 GC heap before
{Heap before GC invocations=7 (full 1):
 PSYoungGen      total 137728K, used 71059K [0x000000076b900000, 0x000000077ae00000, 0x00000007c0000000)
  eden space 126976K, 47% used [0x000000076b900000,0x000000076f3e7b38,0x0000000773500000)
  from space 10752K, 99% used [0x0000000773500000,0x0000000773f7d450,0x0000000773f80000)
  to   space 13312K, 0% used [0x000000077a100000,0x000000077a100000,0x000000077ae00000)
 ParOldGen       total 77824K, used 6678K [0x00000006c2a00000, 0x00000006c7600000, 0x000000076b900000)
  object space 77824K, 8% used [0x00000006c2a00000,0x00000006c3085ad8,0x00000006c7600000)
 Metaspace       used 32803K, capacity 35380K, committed 35496K, reserved 1079296K
  class space    used 4328K, capacity 4807K, committed 4864K, reserved 1048576K
Event: 5.666 GC heap after
Heap after GC invocations=7 (full 1):
 PSYoungGen      total 238080K, used 8493K [0x000000076b900000, 0x000000077b280000, 0x00000007c0000000)
  eden space 224768K, 0% used [0x000000076b900000,0x000000076b900000,0x0000000779480000)
  from space 13312K, 63% used [0x000000077a100000,0x000000077a94b510,0x000000077ae00000)
  to   space 12800K, 0% used [0x0000000779480000,0x0000000779480000,0x000000077a100000)
 ParOldGen       total 77824K, used 6686K [0x00000006c2a00000, 0x00000006c7600000, 0x000000076b900000)
  object space 77824K, 8% used [0x00000006c2a00000,0x00000006c3087ad8,0x00000006c7600000)
 Metaspace       used 32803K, capacity 35380K, committed 35496K, reserved 1079296K
  class space    used 4328K, capacity 4807K, committed 4864K, reserved 1048576K
}
Event: 5.666 GC heap before
{Heap before GC invocations=8 (full 2):
 PSYoungGen      total 238080K, used 8493K [0x000000076b900000, 0x000000077b280000, 0x00000007c0000000)
  eden space 224768K, 0% used [0x000000076b900000,0x000000076b900000,0x0000000779480000)
  from space 13312K, 63% used [0x000000077a100000,0x000000077a94b510,0x000000077ae00000)
  to   space 12800K, 0% used [0x0000000779480000,0x0000000779480000,0x000000077a100000)
 ParOldGen       total 77824K, used 6686K [0x00000006c2a00000, 0x00000006c7600000, 0x000000076b900000)
  object space 77824K, 8% used [0x00000006c2a00000,0x00000006c3087ad8,0x00000006c7600000)
 Metaspace       used 32803K, capacity 35380K, committed 35496K, reserved 1079296K
  class space    used 4328K, capacity 4807K, committed 4864K, reserved 1048576K
Event: 5.756 GC heap after
Heap after GC invocations=8 (full 2):
 PSYoungGen      total 238080K, used 0K [0x000000076b900000, 0x000000077b280000, 0x00000007c0000000)
  eden space 224768K, 0% used [0x000000076b900000,0x000000076b900000,0x0000000779480000)
  from space 13312K, 0% used [0x000000077a100000,0x000000077a100000,0x000000077ae00000)
  to   space 12800K, 0% used [0x0000000779480000,0x0000000779480000,0x000000077a100000)
 ParOldGen       total 77824K, used 12697K [0x00000006c2a00000, 0x00000006c7600000, 0x000000076b900000)
  object space 77824K, 16% used [0x00000006c2a00000,0x00000006c3666630,0x00000006c7600000)
 Metaspace       used 32803K, capacity 35380K, committed 35496K, reserved 1079296K
  class space    used 4328K, capacity 4807K, committed 4864K, reserved 1048576K
}

